<?xml version="1.0" encoding="UTF-8"?>
<testng-results ignored="0" total="2" passed="2" failed="0" skipped="0">
  <reporter-output>
  </reporter-output>
  <suite started-at="2025-04-26T12:44:28 IST" name="Default suite" finished-at="2025-04-26T12:45:00 IST" duration-ms="32108">
    <groups>
    </groups>
    <test started-at="2025-04-26T12:44:28 IST" name="Default test" finished-at="2025-04-26T12:45:00 IST" duration-ms="32108">
      <class name="com.mytests.Notepad">
        <test-method is-config="true" signature="setup()[pri:0, instance:com.mytests.Notepad@5d0bf09b]" started-at="2025-04-26T12:44:28 IST" name="setup" finished-at="2025-04-26T12:44:36 IST" duration-ms="7477" status="PASS">
          <reporter-output>
          </reporter-output>
        </test-method> <!-- setup -->
        <test-method signature="enterText()[pri:1, instance:com.mytests.Notepad@5d0bf09b]" started-at="2025-04-26T12:44:36 IST" name="enterText" finished-at="2025-04-26T12:44:49 IST" duration-ms="13733" status="PASS">
          <reporter-output>
          </reporter-output>
        </test-method> <!-- enterText -->
        <test-method signature="checkHelpAboutNowTest()[pri:2, instance:com.mytests.Notepad@5d0bf09b]" started-at="2025-04-26T12:44:49 IST" name="checkHelpAboutNowTest" finished-at="2025-04-26T12:44:55 IST" duration-ms="5735" status="PASS">
          <reporter-output>
          </reporter-output>
        </test-method> <!-- checkHelpAboutNowTest -->
        <test-method is-config="true" signature="clieanUp()[pri:0, instance:com.mytests.Notepad@5d0bf09b]" started-at="2025-04-26T12:44:55 IST" name="clieanUp" finished-at="2025-04-26T12:45:00 IST" duration-ms="5061" status="PASS">
          <reporter-output>
          </reporter-output>
        </test-method> <!-- clieanUp -->
      </class> <!-- com.mytests.Notepad -->
    </test> <!-- Default test -->
  </suite> <!-- Default suite -->
</testng-results>
